[18/May/2024 16:31:09] ERROR [restoManager_app.service.ubicacion.ubicacion_services:38] No se puedo crear la ubicacion 'Salon Planta 0' porque ya existe
[18/May/2024 17:30:17] INFO [restoManager_app.views:51] {'lista': None, 'lista_platos': [], 'lista_categoria': []}
[18/May/2024 17:33:16] INFO [restoManager_app.views:51] {'lista': None, 'lista_platos': [], 'lista_categoria': []}
[18/May/2024 17:33:16] INFO [restoManager_app.views:51] {'lista': None, 'lista_platos': [], 'lista_categoria': []}
[18/May/2024 17:33:16] INFO [restoManager_app.views:51] {'lista': None, 'lista_platos': [], 'lista_categoria': []}
[18/May/2024 17:45:51] INFO [restoManager_app.views:51] {'lista': None, 'lista_platos': [], 'lista_categoria': []}
[18/May/2024 17:55:26] INFO [restoManager_app.views:51] {'lista': None, 'lista_platos': [], 'lista_categoria': []}
[18/May/2024 17:55:36] INFO [restoManager_app.views:51] {'lista': None, 'lista_platos': [], 'lista_categoria': []}
[18/May/2024 17:59:39] INFO [restoManager_app.views:51] {'lista': None, 'lista_platos': [], 'lista_categoria': []}
[18/May/2024 18:00:48] INFO [restoManager_app.views:51] {'lista': None, 'lista_platos': [], 'lista_categoria': []}
[18/May/2024 18:05:53] INFO [restoManager_app.views:51] {'lista': None, 'lista_platos': [], 'lista_categoria': []}
[18/May/2024 18:06:04] INFO [restoManager_app.views:51] {'lista': None, 'lista_platos': [], 'lista_categoria': []}
[18/May/2024 19:54:47] WARNING [restoManager_app.service.trabajadores.camarero_service:13] No se encontraron camareros
[18/May/2024 19:55:24] WARNING [restoManager_app.service.trabajadores.camarero_service:13] No se encontraron camareros
[18/May/2024 19:55:42] WARNING [restoManager_app.service.trabajadores.camarero_service:13] No se encontraron camareros
[18/May/2024 19:56:13] WARNING [restoManager_app.service.trabajadores.camarero_service:13] No se encontraron camareros
[19/May/2024 00:36:43] WARNING [restoManager_app.service.trabajadores.camarero_service:13] No se encontraron camareros
[19/May/2024 00:41:47] WARNING [restoManager_app.service.trabajadores.camarero_service:13] No se encontraron camareros
[19/May/2024 01:16:30] WARNING [restoManager_app.service.trabajadores.camarero_service:13] No se encontraron camareros
[19/May/2024 01:17:01] WARNING [restoManager_app.service.trabajadores.camarero_service:13] No se encontraron camareros
[19/May/2024 01:21:40] WARNING [restoManager_app.service.trabajadores.camarero_service:13] No se encontraron camareros
[19/May/2024 01:23:21] WARNING [restoManager_app.service.trabajadores.camarero_service:13] No se encontraron camareros
[19/May/2024 01:23:40] WARNING [restoManager_app.service.trabajadores.camarero_service:13] No se encontraron camareros
[19/May/2024 12:13:53] WARNING [restoManager_app.service.trabajadores.camarero_service:13] No se encontraron camareros
[19/May/2024 12:14:29] WARNING [restoManager_app.service.trabajadores.camarero_service:13] No se encontraron camareros
[19/May/2024 12:14:31] WARNING [restoManager_app.service.trabajadores.camarero_service:13] No se encontraron camareros
[19/May/2024 12:14:32] WARNING [restoManager_app.service.trabajadores.camarero_service:13] No se encontraron camareros
[19/May/2024 12:15:05] WARNING [restoManager_app.service.trabajadores.camarero_service:13] No se encontraron camareros
[19/May/2024 12:15:11] WARNING [restoManager_app.service.trabajadores.camarero_service:13] No se encontraron camareros
[19/May/2024 12:15:36] WARNING [restoManager_app.service.trabajadores.camarero_service:13] No se encontraron camareros
[19/May/2024 12:15:53] WARNING [restoManager_app.service.trabajadores.camarero_service:13] No se encontraron camareros
[19/May/2024 12:17:06] WARNING [restoManager_app.service.trabajadores.camarero_service:13] No se encontraron camareros
[19/May/2024 12:18:13] WARNING [restoManager_app.service.trabajadores.camarero_service:13] No se encontraron camareros
[19/May/2024 12:19:16] WARNING [restoManager_app.service.trabajadores.camarero_service:13] No se encontraron camareros
[19/May/2024 12:20:26] WARNING [restoManager_app.service.trabajadores.camarero_service:13] No se encontraron camareros
[19/May/2024 12:20:36] WARNING [restoManager_app.service.trabajadores.camarero_service:13] No se encontraron camareros
[19/May/2024 12:21:38] WARNING [restoManager_app.service.trabajadores.camarero_service:13] No se encontraron camareros
[19/May/2024 12:28:43] WARNING [restoManager_app.service.trabajadores.camarero_service:13] No se encontraron camareros
[19/May/2024 12:29:25] WARNING [restoManager_app.service.trabajadores.camarero_service:13] No se encontraron camareros
[19/May/2024 12:29:57] WARNING [restoManager_app.service.trabajadores.camarero_service:13] No se encontraron camareros
[19/May/2024 12:39:12] WARNING [restoManager_app.service.trabajadores.camarero_service:13] No se encontraron camareros
[19/May/2024 12:39:15] WARNING [restoManager_app.service.trabajadores.camarero_service:13] No se encontraron camareros
[19/May/2024 12:40:52] WARNING [restoManager_app.service.trabajadores.camarero_service:13] No se encontraron camareros
[19/May/2024 12:41:22] WARNING [restoManager_app.service.trabajadores.camarero_service:13] No se encontraron camareros
[19/May/2024 12:42:10] INFO [restoManager_app.controller.categoria.categoria_controller:46] Tapa
[19/May/2024 12:42:10] INFO [restoManager_app.views:38] New Relation Created.
[19/May/2024 12:43:17] WARNING [restoManager_app.service.trabajadores.camarero_service:13] No se encontraron camareros
[19/May/2024 12:44:19] WARNING [restoManager_app.service.trabajadores.camarero_service:13] No se encontraron camareros
[19/May/2024 23:10:39] WARNING [restoManager_app.service.trabajadores.camarero_service:13] No se encontraron camareros
[19/May/2024 23:10:40] WARNING [restoManager_app.service.trabajadores.camarero_service:13] No se encontraron camareros
[19/May/2024 23:11:28] WARNING [restoManager_app.service.trabajadores.camarero_service:13] No se encontraron camareros
[19/May/2024 23:23:54] WARNING [restoManager_app.service.trabajadores.camarero_service:13] No se encontraron camareros
[19/May/2024 23:23:58] ERROR [restoManager_app.service.trabajadores.camarero_service:24] Error al crear el camarero: Cannot assign "1": "Camarero.id_user" must be a "User" instance.
[19/May/2024 23:23:58] WARNING [restoManager_app.service.trabajadores.camarero_service:13] No se encontraron camareros
[19/May/2024 23:28:39] ERROR [restoManager_app.service.trabajadores.camarero_service:24] Error al crear el camarero: Cannot assign "1": "Camarero.id_user" must be a "User" instance.
[19/May/2024 23:28:39] WARNING [restoManager_app.service.trabajadores.camarero_service:13] No se encontraron camareros
[19/May/2024 23:34:06] WARNING [restoManager_app.service.trabajadores.camarero_service:13] No se encontraron camareros
[19/May/2024 23:41:13] WARNING [restoManager_app.service.trabajadores.camarero_service:13] No se encontraron camareros
[19/May/2024 23:41:16] ERROR [restoManager_app.service.trabajadores.camarero_service:24] Error al crear el camarero: Cannot assign "1": "Camarero.id_user" must be a "User" instance.
[19/May/2024 23:41:16] WARNING [restoManager_app.service.trabajadores.camarero_service:13] No se encontraron camareros
[19/May/2024 23:41:51] ERROR [restoManager_app.service.trabajadores.camarero_service:24] Error al crear el camarero: Cannot assign "1": "Camarero.id_user" must be a "User" instance.
[19/May/2024 23:42:22] ERROR [restoManager_app.service.trabajadores.camarero_service:24] Error al crear el camarero: Cannot assign "1": "Camarero.id_user" must be a "User" instance.
[19/May/2024 23:43:19] ERROR [restoManager_app.service.trabajadores.camarero_service:24] Error al crear el camarero: Cannot assign "1": "Camarero.id_user" must be a "User" instance.
[19/May/2024 23:56:48] ERROR [restoManager_app.service.trabajadores.camarero_service:24] Error al crear el camarero: (1062, "Duplicate entry '1' for key 'camarero.camarero_id_user_id_9d2d8d40_uniq'")
[19/May/2024 23:58:45] ERROR [restoManager_app.service.trabajadores.camarero_service:25] Error al crear el camarero: (1062, "Duplicate entry '1' for key 'camarero.camarero_id_user_id_9d2d8d40_uniq'")
[19/May/2024 23:59:01] ERROR [restoManager_app.service.trabajadores.camarero_service:25] Error al crear el camarero: (1062, "Duplicate entry '1' for key 'camarero.camarero_id_user_id_9d2d8d40_uniq'")
[19/May/2024 23:59:29] ERROR [restoManager_app.service.trabajadores.camarero_service:25] Error al crear el camarero: (1062, "Duplicate entry '1' for key 'camarero.camarero_id_user_id_9d2d8d40_uniq'")
[19/May/2024 23:59:53] ERROR [restoManager_app.service.trabajadores.camarero_service:25] Error al crear el camarero: (1062, "Duplicate entry '1' for key 'camarero.camarero_id_user_id_9d2d8d40_uniq'")
[20/May/2024 00:00:06] ERROR [restoManager_app.service.trabajadores.camarero_service:25] Error al crear el camarero: (1062, "Duplicate entry '1' for key 'camarero.camarero_id_user_id_9d2d8d40_uniq'")
[20/May/2024 00:22:55] WARNING [restoManager_app.service.trabajadores.camarero_service:14] No se encontraron camareros
[20/May/2024 00:23:00] ERROR [restoManager_app.service.trabajadores.camarero_service:28] Error al crear el camarero: Camarero() got unexpected keyword arguments: 'id_user'
[20/May/2024 00:23:00] WARNING [restoManager_app.service.trabajadores.camarero_service:14] No se encontraron camareros
[20/May/2024 00:24:55] ERROR [restoManager_app.service.trabajadores.camarero_service:28] Error al crear el camarero: Camarero() got unexpected keyword arguments: 'id_user'
[20/May/2024 00:25:11] WARNING [restoManager_app.service.trabajadores.camarero_service:14] No se encontraron camareros
[20/May/2024 00:25:18] ERROR [restoManager_app.service.trabajadores.camarero_service:25] Error al crear el camarero: (1062, "Duplicate entry '1' for key 'camarero.camarero_id_user_id_9d2d8d40_uniq'")
[20/May/2024 00:25:42] WARNING [restoManager_app.service.trabajadores.camarero_service:14] No se encontraron camareros
[20/May/2024 00:47:39] ERROR [restoManager_app.service.trabajadores.camarero_service:25] No se encontro el camarero 'ramon'
[20/May/2024 00:48:49] ERROR [restoManager_app.service.trabajadores.camarero_service:25] No se encontro el camarero 'ramon'
[20/May/2024 00:50:18] ERROR [restoManager_app.service.trabajadores.camarero_service:25] No se encontro el camarero 'ramon'
[20/May/2024 00:50:43] ERROR [restoManager_app.service.trabajadores.camarero_service:25] No se encontro el camarero 'ramon'
[20/May/2024 01:58:32] ERROR [camarero_app.service.camarero_mesa_service:46] Ocurrio un error inesperado. (1452, 'Cannot add or update a child row: a foreign key constraint fails (`restomanager`.`camarero_mesa`, CONSTRAINT `camarero_app_camarer_camarero_id_860174ee_fk_restoMana` FOREIGN KEY (`camarero_id`) REFERENCES `camarero` (`id`))')
[20/May/2024 02:14:19] ERROR [camarero_app.service.camarero_mesa_service:46] Ocurrio un error inesperado. (1452, 'Cannot add or update a child row: a foreign key constraint fails (`restomanager`.`camarero_mesa`, CONSTRAINT `camarero_app_camarer_camarero_id_860174ee_fk_restoMana` FOREIGN KEY (`camarero_id`) REFERENCES `camarero` (`id`))')
[20/May/2024 02:15:30] ERROR [camarero_app.service.camarero_mesa_service:46] Ocurrio un error inesperado. (1452, 'Cannot add or update a child row: a foreign key constraint fails (`restomanager`.`camarero_mesa`, CONSTRAINT `camarero_app_camarer_camarero_id_860174ee_fk_restoMana` FOREIGN KEY (`camarero_id`) REFERENCES `camarero` (`id`))')
[20/May/2024 02:15:51] ERROR [camarero_app.service.camarero_mesa_service:46] Ocurrio un error inesperado. (1452, 'Cannot add or update a child row: a foreign key constraint fails (`restomanager`.`camarero_mesa`, CONSTRAINT `camarero_app_camarer_camarero_id_860174ee_fk_restoMana` FOREIGN KEY (`camarero_id`) REFERENCES `camarero` (`id`))')
[20/May/2024 02:19:47] ERROR [camarero_app.service.camarero_mesa_service:46] Ocurrio un error inesperado. Cannot assign "<QuerySet [<Ubicacion: Lugar: Salon Planta 0>]>": "Camarero_Mesa.ubicacion" must be a "Ubicacion" instance.
[20/May/2024 02:22:24] ERROR [camarero_app.service.camarero_mesa_service:46] Ocurrio un error inesperado. Cannot assign "<QuerySet [<Ubicacion: Lugar: Salon Planta 0>]>": "Camarero_Mesa.ubicacion" must be a "Ubicacion" instance.
[20/May/2024 02:24:06] ERROR [camarero_app.service.camarero_mesa_service:46] Ocurrio un error inesperado. QuerySet.create() takes 1 positional argument but 4 were given
[20/May/2024 02:26:59] ERROR [camarero_app.service.camarero_mesa_service:46] Ocurrio un error inesperado. QuerySet.create() takes 1 positional argument but 4 were given
[20/May/2024 19:45:08] INFO [restoManager_app.views:37] New Relation Created.
[20/May/2024 19:45:52] INFO [restoManager_app.views:37] New Relation Created.
[20/May/2024 19:46:50] INFO [restoManager_app.controller.bebida.bebida_controller:36] Nombre bebida: Coca Cola, Alcohol: 0, Estado: 1, Descripcion: Refresco
[20/May/2024 19:46:50] INFO [restoManager_app.controller.bebida.bebida_controller:41] Nombre Categoria: Coca Cola, Descripcion: Refresco, Contiene Alcohol: 0, Estado: 1
[20/May/2024 19:47:03] INFO [restoManager_app.controller.bebida.bebida_controller:36] Nombre bebida: Coca Cola Zero, Alcohol: 0, Estado: 1, Descripcion: Refresco
[20/May/2024 19:47:03] INFO [restoManager_app.controller.bebida.bebida_controller:41] Nombre Categoria: Coca Cola Zero, Descripcion: Refresco, Contiene Alcohol: 0, Estado: 1
[20/May/2024 19:47:23] INFO [restoManager_app.controller.bebida.bebida_controller:36] Nombre bebida: Coca Cola Zero Zero, Alcohol: 0, Estado: 1, Descripcion: Refresco
[20/May/2024 19:47:23] INFO [restoManager_app.controller.bebida.bebida_controller:41] Nombre Categoria: Coca Cola Zero Zero, Descripcion: Refresco, Contiene Alcohol: 0, Estado: 1
[20/May/2024 19:47:44] INFO [restoManager_app.controller.bebida.bebida_controller:36] Nombre bebida: Estrella Galicia 3, Alcohol: 1, Estado: 1, Descripcion: Cerveza
[20/May/2024 19:47:44] INFO [restoManager_app.controller.bebida.bebida_controller:41] Nombre Categoria: Estrella Galicia 3, Descripcion: Cerveza, Contiene Alcohol: 1, Estado: 1
[20/May/2024 19:48:05] INFO [restoManager_app.controller.bebida.bebida_controller:36] Nombre bebida: Estrella Galicia 5, Alcohol: 1, Estado: 1, Descripcion: Cerveza
[20/May/2024 19:48:05] INFO [restoManager_app.controller.bebida.bebida_controller:41] Nombre Categoria: Estrella Galicia 5, Descripcion: Cerveza, Contiene Alcohol: 1, Estado: 1
[21/May/2024 22:02:41] INFO [camarero_app.controller.camarero_controller:33] mesa seleccionada: <QuerySet [<Camarero_Mesa: camarero: gurjant ubicacion: Lugar: Salon Planta 0 numero_mesa: 2>]>
[22/May/2024 11:18:52] WARNING [restoManager_app.service.trabajadores.camarero_service:14] No se encontraron camareros
[22/May/2024 11:18:58] WARNING [restoManager_app.service.trabajadores.camarero_service:14] No se encontraron camareros
[22/May/2024 11:19:09] WARNING [restoManager_app.service.ubicacion.ubicacion_services:11] No se encontro ninguna ubicacion
[22/May/2024 11:19:09] ERROR [restoManager_app.service.trabajadores.camarero_service:25] No se encontro el camarero 'gurjant'
[22/May/2024 11:19:29] WARNING [restoManager_app.service.trabajadores.camarero_service:14] No se encontraron camareros
[22/May/2024 11:19:49] WARNING [restoManager_app.service.ubicacion.ubicacion_services:11] No se encontro ninguna ubicacion
[22/May/2024 11:20:30] WARNING [restoManager_app.service.ubicacion.ubicacion_services:11] No se encontro ninguna ubicacion
[22/May/2024 11:31:04] INFO [restoManager_app.controller.categoria.categoria_controller:46] Tapa
[22/May/2024 11:31:04] INFO [restoManager_app.views:37] New Relation Created.
[22/May/2024 11:31:23] INFO [restoManager_app.views:37] New Relation Created.
[22/May/2024 11:32:00] INFO [restoManager_app.views:37] New Relation Created.
[22/May/2024 11:33:33] INFO [restoManager_app.controller.categoria.categoria_controller:46] Pizza
[22/May/2024 11:33:33] INFO [restoManager_app.views:37] New Relation Created.
[22/May/2024 11:33:58] INFO [restoManager_app.controller.categoria.categoria_controller:46] Tagliatela
[22/May/2024 11:33:58] INFO [restoManager_app.views:37] New Relation Created.
[22/May/2024 12:42:42] ERROR [cocina_app.service.servicio_cocina_service:67] No se puedo crear el servicio de cocina porque ya existe
[22/May/2024 12:43:12] ERROR [cocina_app.service.servicio_cocina_service:67] No se puedo crear el servicio de cocina porque ya existe
[22/May/2024 12:43:59] ERROR [cocina_app.service.servicio_cocina_service:67] No se puedo crear el servicio de cocina porque ya existe
[22/May/2024 12:48:07] ERROR [cocina_app.service.servicio_cocina_service:67] No se puedo crear el servicio de cocina porque ya existe
[22/May/2024 13:03:11] ERROR [cocina_app.service.servicio_cocina_service:67] No se puedo crear el servicio de cocina porque ya existe
[22/May/2024 13:09:30] ERROR [cocina_app.service.servicio_cocina_service:67] No se puedo crear el servicio de cocina porque ya existe
[22/May/2024 23:56:54] INFO [restoManager_app.controller.categoria.categoria_controller:46] Pizza
[22/May/2024 23:56:54] INFO [restoManager_app.views:37] New Relation Created.
[22/May/2024 23:57:07] INFO [restoManager_app.controller.categoria.categoria_controller:46] Spagetti
[22/May/2024 23:57:07] INFO [restoManager_app.views:37] New Relation Created.
[23/May/2024 06:59:29] INFO [restoManager_app.controller.bebida.bebida_controller:36] Nombre bebida: Coca Cola, Alcohol: 0, Estado: 1, Descripcion: 
[23/May/2024 06:59:29] INFO [restoManager_app.controller.bebida.bebida_controller:41] Nombre Categoria: Coca Cola, Descripcion: , Contiene Alcohol: 0, Estado: 1
[23/May/2024 06:59:37] INFO [restoManager_app.controller.bebida.bebida_controller:36] Nombre bebida: Coca Cola 0, Alcohol: 0, Estado: 1, Descripcion: 
[23/May/2024 06:59:37] INFO [restoManager_app.controller.bebida.bebida_controller:41] Nombre Categoria: Coca Cola 0, Descripcion: , Contiene Alcohol: 0, Estado: 1
[23/May/2024 06:59:44] INFO [restoManager_app.controller.bebida.bebida_controller:36] Nombre bebida: Coca Cola 0.0, Alcohol: 0, Estado: 1, Descripcion: 
[23/May/2024 06:59:44] INFO [restoManager_app.controller.bebida.bebida_controller:41] Nombre Categoria: Coca Cola 0.0, Descripcion: , Contiene Alcohol: 0, Estado: 1
[23/May/2024 06:59:58] INFO [restoManager_app.controller.bebida.bebida_controller:36] Nombre bebida: Estrella Galicia Tercio, Alcohol: 1, Estado: 1, Descripcion: 
[23/May/2024 06:59:58] INFO [restoManager_app.controller.bebida.bebida_controller:41] Nombre Categoria: Estrella Galicia Tercio, Descripcion: , Contiene Alcohol: 1, Estado: 1
[23/May/2024 07:00:13] INFO [restoManager_app.controller.bebida.bebida_controller:36] Nombre bebida: Estrella Galicia Quinto, Alcohol: 1, Estado: 1, Descripcion: 
[23/May/2024 07:00:13] INFO [restoManager_app.controller.bebida.bebida_controller:41] Nombre Categoria: Estrella Galicia Quinto, Descripcion: , Contiene Alcohol: 1, Estado: 1
[24/May/2024 18:50:13] ERROR [cocina_app.service.servicio_cocina_service:73] Error en ServicioCocinaService.crear_servicio: Cannot assign "[<QuerySet [<Plato: Finquer De Pollo>]>, <QuerySet [<Plato: Carbonara>]>]": "Servicio_Cocina.plato" must be a "Plato" instance.
[24/May/2024 19:03:26] ERROR [cocina_app.service.servicio_cocina_service:73] Error en ServicioCocinaService.crear_servicio: Cannot assign "<QuerySet [<Plato: Finguer de Queso>]>": "Servicio_Cocina.plato" must be a "Plato" instance.
[24/May/2024 22:22:29] ERROR [cocina_app.service.servicio_cocina_service:73] Error en ServicioCocinaService.crear_servicio: Cannot assign "<QuerySet [<Plato: Finquer De Pollo>]>": "Servicio_Cocina.plato" must be a "Plato" instance.
[24/May/2024 22:25:40] ERROR [cocina_app.service.servicio_cocina_service:73] Error en ServicioCocinaService.crear_servicio: Cannot assign "<QuerySet [<Plato: Finquer De Pollo>]>": "Servicio_Cocina.plato" must be a "Plato" instance.
[24/May/2024 22:34:43] ERROR [cocina_app.service.servicio_cocina_service:62] Error en ServicioCocinaService.crear_servicio: Cannot assign "<QuerySet [<Plato: Finquer De Pollo>]>": "Servicio_Cocina.plato" must be a "Plato" instance.
[24/May/2024 22:35:45] ERROR [cocina_app.service.servicio_cocina_service:62] Error en ServicioCocinaService.crear_servicio: Cannot assign "<bound method QuerySet.first of <QuerySet [<Plato: Finquer De Pollo>]>>": "Servicio_Cocina.plato" must be a "Plato" instance.
[24/May/2024 23:22:12] ERROR [cocina_app.service.servicio_cocina_service:94] Error en ServicioCocinaService.get_agrupaciones: Cannot resolve keyword 'mesa_camarero' into field. Choices are: camarero_mesa, camarero_mesa_id, hora_dia, id, plato, plato_id, servido
[25/May/2024 00:47:25] ERROR [cocina_app.service.servicio_cocina_service:94] Error en ServicioCocinaService.get_agrupaciones: Cannot resolve keyword 'datetime' into field. Choices are: camarero_mesa, camarero_mesa_id, hora_dia, id, plato, plato_id, servido, total
[25/May/2024 00:47:47] ERROR [cocina_app.service.servicio_cocina_service:94] Error en ServicioCocinaService.get_agrupaciones: Cannot resolve keyword '' into field. Choices are: camarero_mesa, camarero_mesa_id, hora_dia, id, plato, plato_id, servido, total
[25/May/2024 02:15:48] ERROR [cocina_app.service.servicio_cocina_service:102] Error en ServicioCocinaService.get_servicio_mesa_cantidad_pedidos: Cannot resolve keyword 'mesa' into field. Choices are: camarero_mesa, camarero_mesa_id, hora_dia, id, plato, plato_id, servido
[25/May/2024 02:16:15] ERROR [cocina_app.service.servicio_cocina_service:102] Error en ServicioCocinaService.get_servicio_mesa_cantidad_pedidos: Cannot resolve keyword 'mesa' into field. Choices are: camarero_mesa, camarero_mesa_id, hora_dia, id, plato, plato_id, servido
[25/May/2024 02:29:11] ERROR [cocina_app.service.servicio_cocina_service:102] Error en ServicioCocinaService.get_servicio_mesa_cantidad_pedidos: Cannot resolve keyword 'camarero_mesa.' into field. Choices are: camarero_mesa, camarero_mesa_id, hora_dia, id, plato, plato_id, servido
[25/May/2024 11:02:43] INFO [restoManager_app.views:37] New Relation Created.
[25/May/2024 11:05:02] INFO [restoManager_app.views:37] New Relation Created.
[25/May/2024 11:18:33] INFO [restoManager_app.controller.categoria.categoria_controller:46] Pasta Al Horno
[25/May/2024 11:18:33] INFO [restoManager_app.views:37] New Relation Created.
[25/May/2024 11:20:07] INFO [restoManager_app.controller.categoria.categoria_controller:46] Bocadillo
[25/May/2024 11:20:07] INFO [restoManager_app.views:37] New Relation Created.
[25/May/2024 11:21:13] INFO [restoManager_app.views:37] New Relation Created.
[25/May/2024 11:34:09] INFO [restoManager_app.views:37] New Relation Created.
[25/May/2024 12:22:51] INFO [restoManager_app.views:37] New Relation Created.
[25/May/2024 13:19:45] INFO [restoManager_app.views:37] New Relation Created.
[25/May/2024 14:17:26] INFO [restoManager_app.views:37] New Relation Created.
[25/May/2024 14:36:12] ERROR [cocina_app.service.servicio_cocina_service:94] Error en ServicioCocinaService.get_agrupaciones: Cannot resolve keyword 'nombre' into field. Choices are: camarero, camarero_id, id, numero_mesa, servicio_barra, servicio_cocina, ubicacion, ubicacion_id
[25/May/2024 14:37:53] ERROR [cocina_app.service.servicio_cocina_service:94] Error en ServicioCocinaService.get_agrupaciones: Cannot resolve keyword 'nombre' into field. Choices are: camarero, camarero_id, id, numero_mesa, servicio_barra, servicio_cocina, ubicacion, ubicacion_id
[25/May/2024 14:38:26] ERROR [cocina_app.service.servicio_cocina_service:94] Error en ServicioCocinaService.get_agrupaciones: Cannot resolve keyword 'camarero_mesa_numero_mesa' into field. Choices are: camarero_mesa, camarero_mesa_id, hora_dia, id, plato, plato_id, servido
[25/May/2024 14:39:15] ERROR [cocina_app.service.servicio_cocina_service:94] Error en ServicioCocinaService.get_agrupaciones: Cannot call select_related() after .values() or .values_list()
[25/May/2024 14:39:27] ERROR [cocina_app.service.servicio_cocina_service:94] Error en ServicioCocinaService.get_agrupaciones: Cannot call select_related() after .values() or .values_list()
[25/May/2024 14:39:28] ERROR [cocina_app.service.servicio_cocina_service:94] Error en ServicioCocinaService.get_agrupaciones: Cannot call select_related() after .values() or .values_list()
[25/May/2024 14:41:23] ERROR [cocina_app.service.servicio_cocina_service:95] Error en ServicioCocinaService.get_agrupaciones: Cannot call select_related() after .values() or .values_list()
[25/May/2024 15:05:50] ERROR [cocina_app.service.servicio_cocina_service:108] Error en ServicioCocinaService.get_servicio_mesa_cantidad_pedidos: name 'F' is not defined
[25/May/2024 15:05:51] ERROR [cocina_app.service.servicio_cocina_service:108] Error en ServicioCocinaService.get_servicio_mesa_cantidad_pedidos: name 'F' is not defined
[25/May/2024 15:06:41] ERROR [cocina_app.service.servicio_cocina_service:108] Error en ServicioCocinaService.get_servicio_mesa_cantidad_pedidos: QuerySet.annotate() received non-expression(s): camarero_mesa__numero_mesa.
[25/May/2024 15:06:47] ERROR [cocina_app.service.servicio_cocina_service:108] Error en ServicioCocinaService.get_servicio_mesa_cantidad_pedidos: QuerySet.annotate() received non-expression(s): camarero_mesa__numero_mesa.
[25/May/2024 15:07:10] ERROR [cocina_app.service.servicio_cocina_service:108] Error en ServicioCocinaService.get_servicio_mesa_cantidad_pedidos: QuerySet.annotate() received non-expression(s): numero_mesa.
[25/May/2024 15:07:12] ERROR [cocina_app.service.servicio_cocina_service:108] Error en ServicioCocinaService.get_servicio_mesa_cantidad_pedidos: QuerySet.annotate() received non-expression(s): numero_mesa.
[25/May/2024 15:07:12] ERROR [cocina_app.service.servicio_cocina_service:108] Error en ServicioCocinaService.get_servicio_mesa_cantidad_pedidos: QuerySet.annotate() received non-expression(s): numero_mesa.
[25/May/2024 17:11:58] ERROR [cocina_app.service.servicio_cocina_service:108] Error en ServicioCocinaService.get_servicio_mesa_cantidad_pedidos: type object 'Plato' has no attribute 'split'
[25/May/2024 17:12:03] ERROR [cocina_app.service.servicio_cocina_service:108] Error en ServicioCocinaService.get_servicio_mesa_cantidad_pedidos: type object 'Plato' has no attribute 'split'
[25/May/2024 17:12:08] ERROR [cocina_app.service.servicio_cocina_service:108] Error en ServicioCocinaService.get_servicio_mesa_cantidad_pedidos: 'DeferredAttribute' object has no attribute 'split'
[25/May/2024 17:12:13] ERROR [cocina_app.service.servicio_cocina_service:108] Error en ServicioCocinaService.get_servicio_mesa_cantidad_pedidos: 'DeferredAttribute' object has no attribute 'split'
[25/May/2024 17:12:18] ERROR [cocina_app.service.servicio_cocina_service:108] Error en ServicioCocinaService.get_servicio_mesa_cantidad_pedidos: 'DeferredAttribute' object has no attribute 'split'
[25/May/2024 17:18:37] ERROR [cocina_app.service.servicio_cocina_service:115] Error en ServicioCocinaService.get_servicio_mesa_cantidad_pedidos: name 'Min' is not defined
[25/May/2024 17:18:40] ERROR [cocina_app.service.servicio_cocina_service:115] Error en ServicioCocinaService.get_servicio_mesa_cantidad_pedidos: name 'Min' is not defined
[25/May/2024 17:18:45] ERROR [cocina_app.service.servicio_cocina_service:115] Error en ServicioCocinaService.get_servicio_mesa_cantidad_pedidos: name 'Min' is not defined
[25/May/2024 17:18:50] ERROR [cocina_app.service.servicio_cocina_service:115] Error en ServicioCocinaService.get_servicio_mesa_cantidad_pedidos: name 'Min' is not defined
[25/May/2024 22:15:02] ERROR [cocina_app.service.servicio_cocina_service:116] Error en ServicioCocinaService.get_servicio_mesa_cantidad_pedidos: 'camarero_mesa__id'
[25/May/2024 22:15:07] ERROR [cocina_app.service.servicio_cocina_service:116] Error en ServicioCocinaService.get_servicio_mesa_cantidad_pedidos: 'id'
[25/May/2024 22:15:13] ERROR [cocina_app.service.servicio_cocina_service:116] Error en ServicioCocinaService.get_servicio_mesa_cantidad_pedidos: Cannot resolve keyword '' into field. Choices are: camarero_mesa, camarero_mesa_id, hora_dia, id, plato, plato_id, servido
[25/May/2024 22:25:37] ERROR [cocina_app.service.servicio_cocina_service:117] Error en ServicioCocinaService.get_servicio_mesa_cantidad_pedidos: 'camarero_mesa__ubicacion'
[25/May/2024 22:25:42] ERROR [cocina_app.service.servicio_cocina_service:117] Error en ServicioCocinaService.get_servicio_mesa_cantidad_pedidos: 'camarero_mesa__ubicacion'
[25/May/2024 22:25:47] ERROR [cocina_app.service.servicio_cocina_service:117] Error en ServicioCocinaService.get_servicio_mesa_cantidad_pedidos: 'camarero_mesa__ubicacion'
[25/May/2024 22:25:52] ERROR [cocina_app.service.servicio_cocina_service:117] Error en ServicioCocinaService.get_servicio_mesa_cantidad_pedidos: 'camarero_mesa__ubicacion'
[25/May/2024 22:25:57] ERROR [cocina_app.service.servicio_cocina_service:117] Error en ServicioCocinaService.get_servicio_mesa_cantidad_pedidos: 'camarero_mesa__ubicacion'
[25/May/2024 22:26:02] ERROR [cocina_app.service.servicio_cocina_service:117] Error en ServicioCocinaService.get_servicio_mesa_cantidad_pedidos: 'camarero_mesa__ubicacion'
[25/May/2024 22:26:07] ERROR [cocina_app.service.servicio_cocina_service:117] Error en ServicioCocinaService.get_servicio_mesa_cantidad_pedidos: 'camarero_mesa__ubicacion'
[25/May/2024 22:26:12] ERROR [cocina_app.service.servicio_cocina_service:117] Error en ServicioCocinaService.get_servicio_mesa_cantidad_pedidos: 'camarero_mesa__ubicacion'
[25/May/2024 22:26:17] ERROR [cocina_app.service.servicio_cocina_service:117] Error en ServicioCocinaService.get_servicio_mesa_cantidad_pedidos: 'camarero_mesa__ubicacion'
[25/May/2024 22:26:22] ERROR [cocina_app.service.servicio_cocina_service:117] Error en ServicioCocinaService.get_servicio_mesa_cantidad_pedidos: 'camarero_mesa__ubicacion'
[25/May/2024 22:26:27] ERROR [cocina_app.service.servicio_cocina_service:117] Error en ServicioCocinaService.get_servicio_mesa_cantidad_pedidos: 'camarero_mesa__ubicacion'
[25/May/2024 22:26:32] ERROR [cocina_app.service.servicio_cocina_service:117] Error en ServicioCocinaService.get_servicio_mesa_cantidad_pedidos: 'camarero_mesa__ubicacion'
[25/May/2024 22:26:37] ERROR [cocina_app.service.servicio_cocina_service:117] Error en ServicioCocinaService.get_servicio_mesa_cantidad_pedidos: 'camarero_mesa__ubicacion'
[25/May/2024 22:26:38] ERROR [cocina_app.service.servicio_cocina_service:117] Error en ServicioCocinaService.get_servicio_mesa_cantidad_pedidos: 'camarero_mesa__ubicacion'
[25/May/2024 22:26:39] ERROR [cocina_app.service.servicio_cocina_service:117] Error en ServicioCocinaService.get_servicio_mesa_cantidad_pedidos: 'camarero_mesa__ubicacion'
[25/May/2024 22:26:44] ERROR [cocina_app.service.servicio_cocina_service:117] Error en ServicioCocinaService.get_servicio_mesa_cantidad_pedidos: 'camarero_mesa__ubicacion'
[25/May/2024 22:26:49] ERROR [cocina_app.service.servicio_cocina_service:117] Error en ServicioCocinaService.get_servicio_mesa_cantidad_pedidos: 'camarero_mesa__ubicacion'
[25/May/2024 22:26:54] ERROR [cocina_app.service.servicio_cocina_service:117] Error en ServicioCocinaService.get_servicio_mesa_cantidad_pedidos: 'camarero_mesa__ubicacion'
[25/May/2024 22:26:59] ERROR [cocina_app.service.servicio_cocina_service:117] Error en ServicioCocinaService.get_servicio_mesa_cantidad_pedidos: 'camarero_mesa__ubicacion'
[25/May/2024 22:27:04] ERROR [cocina_app.service.servicio_cocina_service:117] Error en ServicioCocinaService.get_servicio_mesa_cantidad_pedidos: 'camarero_mesa__ubicacion'
[25/May/2024 22:27:09] ERROR [cocina_app.service.servicio_cocina_service:117] Error en ServicioCocinaService.get_servicio_mesa_cantidad_pedidos: 'camarero_mesa__ubicacion'
[25/May/2024 22:27:14] ERROR [cocina_app.service.servicio_cocina_service:117] Error en ServicioCocinaService.get_servicio_mesa_cantidad_pedidos: 'camarero_mesa__ubicacion'
[25/May/2024 22:27:19] ERROR [cocina_app.service.servicio_cocina_service:117] Error en ServicioCocinaService.get_servicio_mesa_cantidad_pedidos: 'camarero_mesa__ubicacion'
[25/May/2024 22:27:24] ERROR [cocina_app.service.servicio_cocina_service:117] Error en ServicioCocinaService.get_servicio_mesa_cantidad_pedidos: 'camarero_mesa__ubicacion'
[25/May/2024 22:27:29] ERROR [cocina_app.service.servicio_cocina_service:117] Error en ServicioCocinaService.get_servicio_mesa_cantidad_pedidos: 'camarero_mesa__ubicacion'
[25/May/2024 22:27:34] ERROR [cocina_app.service.servicio_cocina_service:117] Error en ServicioCocinaService.get_servicio_mesa_cantidad_pedidos: 'camarero_mesa__ubicacion'
[25/May/2024 22:27:39] ERROR [cocina_app.service.servicio_cocina_service:117] Error en ServicioCocinaService.get_servicio_mesa_cantidad_pedidos: 'camarero_mesa__ubicacion'
[25/May/2024 22:27:41] ERROR [cocina_app.service.servicio_cocina_service:117] Error en ServicioCocinaService.get_servicio_mesa_cantidad_pedidos: 'camarero_mesa__ubicacion'
[25/May/2024 22:27:41] ERROR [cocina_app.service.servicio_cocina_service:117] Error en ServicioCocinaService.get_servicio_mesa_cantidad_pedidos: 'camarero_mesa__ubicacion'
[25/May/2024 22:27:46] ERROR [cocina_app.service.servicio_cocina_service:117] Error en ServicioCocinaService.get_servicio_mesa_cantidad_pedidos: 'camarero_mesa__ubicacion'
[25/May/2024 22:27:51] ERROR [cocina_app.service.servicio_cocina_service:117] Error en ServicioCocinaService.get_servicio_mesa_cantidad_pedidos: 'camarero_mesa__ubicacion'
[25/May/2024 22:27:56] ERROR [cocina_app.service.servicio_cocina_service:117] Error en ServicioCocinaService.get_servicio_mesa_cantidad_pedidos: 'camarero_mesa__ubicacion'
[25/May/2024 22:28:01] ERROR [cocina_app.service.servicio_cocina_service:117] Error en ServicioCocinaService.get_servicio_mesa_cantidad_pedidos: 'camarero_mesa__ubicacion'
[25/May/2024 22:28:06] ERROR [cocina_app.service.servicio_cocina_service:117] Error en ServicioCocinaService.get_servicio_mesa_cantidad_pedidos: 'camarero_mesa__ubicacion'
[25/May/2024 22:28:11] ERROR [cocina_app.service.servicio_cocina_service:117] Error en ServicioCocinaService.get_servicio_mesa_cantidad_pedidos: 'camarero_mesa__ubicacion'
[25/May/2024 22:28:16] ERROR [cocina_app.service.servicio_cocina_service:117] Error en ServicioCocinaService.get_servicio_mesa_cantidad_pedidos: 'camarero_mesa__ubicacion'
[25/May/2024 22:28:21] ERROR [cocina_app.service.servicio_cocina_service:117] Error en ServicioCocinaService.get_servicio_mesa_cantidad_pedidos: 'camarero_mesa__ubicacion'
[25/May/2024 22:28:31] ERROR [cocina_app.service.servicio_cocina_service:117] Error en ServicioCocinaService.get_servicio_mesa_cantidad_pedidos: 'camarero_mesa__ubicacion'
[25/May/2024 22:28:32] ERROR [cocina_app.service.servicio_cocina_service:117] Error en ServicioCocinaService.get_servicio_mesa_cantidad_pedidos: 'camarero_mesa__ubicacion'
[25/May/2024 22:28:37] ERROR [cocina_app.service.servicio_cocina_service:117] Error en ServicioCocinaService.get_servicio_mesa_cantidad_pedidos: 'camarero_mesa__ubicacion'
[25/May/2024 22:28:37] ERROR [cocina_app.service.servicio_cocina_service:117] Error en ServicioCocinaService.get_servicio_mesa_cantidad_pedidos: 'camarero_mesa__ubicacion'
[25/May/2024 22:28:37] ERROR [cocina_app.service.servicio_cocina_service:117] Error en ServicioCocinaService.get_servicio_mesa_cantidad_pedidos: 'camarero_mesa__ubicacion'
[25/May/2024 22:28:42] ERROR [cocina_app.service.servicio_cocina_service:117] Error en ServicioCocinaService.get_servicio_mesa_cantidad_pedidos: 'camarero_mesa__ubicacion'
[25/May/2024 22:28:47] ERROR [cocina_app.service.servicio_cocina_service:117] Error en ServicioCocinaService.get_servicio_mesa_cantidad_pedidos: 'camarero_mesa__ubicacion'
[25/May/2024 22:28:52] ERROR [cocina_app.service.servicio_cocina_service:117] Error en ServicioCocinaService.get_servicio_mesa_cantidad_pedidos: 'camarero_mesa__ubicacion'
[25/May/2024 22:28:57] ERROR [cocina_app.service.servicio_cocina_service:117] Error en ServicioCocinaService.get_servicio_mesa_cantidad_pedidos: 'camarero_mesa__ubicacion'
[25/May/2024 22:29:02] ERROR [cocina_app.service.servicio_cocina_service:117] Error en ServicioCocinaService.get_servicio_mesa_cantidad_pedidos: 'camarero_mesa__ubicacion'
[25/May/2024 22:29:07] ERROR [cocina_app.service.servicio_cocina_service:117] Error en ServicioCocinaService.get_servicio_mesa_cantidad_pedidos: 'camarero_mesa__ubicacion'
[25/May/2024 22:29:09] ERROR [cocina_app.service.servicio_cocina_service:117] Error en ServicioCocinaService.get_servicio_mesa_cantidad_pedidos: 'camarero_mesa__ubicacion'
[25/May/2024 22:29:09] ERROR [cocina_app.service.servicio_cocina_service:117] Error en ServicioCocinaService.get_servicio_mesa_cantidad_pedidos: 'camarero_mesa__ubicacion'
[25/May/2024 22:29:14] ERROR [cocina_app.service.servicio_cocina_service:117] Error en ServicioCocinaService.get_servicio_mesa_cantidad_pedidos: 'camarero_mesa__ubicacion'
[25/May/2024 22:29:19] ERROR [cocina_app.service.servicio_cocina_service:117] Error en ServicioCocinaService.get_servicio_mesa_cantidad_pedidos: 'camarero_mesa__ubicacion'
[25/May/2024 22:29:23] ERROR [cocina_app.service.servicio_cocina_service:117] Error en ServicioCocinaService.get_servicio_mesa_cantidad_pedidos: 'camarero_mesa__ubicacion'
[25/May/2024 22:29:25] ERROR [cocina_app.service.servicio_cocina_service:117] Error en ServicioCocinaService.get_servicio_mesa_cantidad_pedidos: 'camarero_mesa__ubicacion'
[25/May/2024 22:30:15] ERROR [cocina_app.service.servicio_cocina_service:117] Error en ServicioCocinaService.get_servicio_mesa_cantidad_pedidos: 'camarero_mesa__ubicacion'
[25/May/2024 22:30:15] ERROR [cocina_app.service.servicio_cocina_service:117] Error en ServicioCocinaService.get_servicio_mesa_cantidad_pedidos: 'camarero_mesa__ubicacion'
[25/May/2024 22:30:52] ERROR [cocina_app.service.servicio_cocina_service:117] Error en ServicioCocinaService.get_servicio_mesa_cantidad_pedidos: 'camarero_mesa__ubicacion'
[25/May/2024 22:30:52] ERROR [cocina_app.service.servicio_cocina_service:117] Error en ServicioCocinaService.get_servicio_mesa_cantidad_pedidos: 'camarero_mesa__ubicacion'
[25/May/2024 22:38:28] ERROR [cocina_app.service.servicio_cocina_service:117] Error en ServicioCocinaService.get_servicio_mesa_cantidad_pedidos: 'camarero_mesa__ubicacion__id'
[25/May/2024 22:38:29] ERROR [cocina_app.service.servicio_cocina_service:117] Error en ServicioCocinaService.get_servicio_mesa_cantidad_pedidos: 'camarero_mesa__ubicacion__id'
[25/May/2024 22:38:34] ERROR [cocina_app.service.servicio_cocina_service:117] Error en ServicioCocinaService.get_servicio_mesa_cantidad_pedidos: 'camarero_mesa__ubicacion__id'
[25/May/2024 23:49:30] ERROR [cocina_app.service.servicio_cocina_service:112] Error en ServicioCocinaService.get_agrupaciones_by_camarero_mesa: Cannot resolve keyword 'lugar' into field. Choices are: camarero, camarero_id, id, numero_mesa, servicio_barra, servicio_cocina, ubicacion, ubicacion_id
[25/May/2024 23:54:39] ERROR [cocina_app.service.servicio_cocina_service:112] Error en ServicioCocinaService.get_agrupaciones_by_camarero_mesa: Cannot resolve keyword 'lugar' into field. Choices are: camarero, camarero_id, id, numero_mesa, servicio_barra, servicio_cocina, ubicacion, ubicacion_id
[26/May/2024 00:20:35] ERROR [cocina_app.service.servicio_cocina_service:112] Error en ServicioCocinaService.get_agrupaciones_by_camarero_mesa: Cannot resolve keyword 'lugar' into field. Choices are: camarero, camarero_id, id, numero_mesa, servicio_barra, servicio_cocina, ubicacion, ubicacion_id
[26/May/2024 00:25:19] ERROR [cocina_app.service.servicio_cocina_service:112] Error en ServicioCocinaService.get_agrupaciones_by_camarero_mesa: Cannot resolve keyword 'lugar' into field. Choices are: camarero, camarero_id, id, numero_mesa, servicio_barra, servicio_cocina, ubicacion, ubicacion_id
[26/May/2024 00:25:50] ERROR [cocina_app.service.servicio_cocina_service:112] Error en ServicioCocinaService.get_agrupaciones_by_camarero_mesa: Cannot resolve keyword 'lugar' into field. Choices are: camarero, camarero_id, id, numero_mesa, servicio_barra, servicio_cocina, ubicacion, ubicacion_id
[26/May/2024 00:33:26] ERROR [cocina_app.service.servicio_cocina_service:115] Error en ServicioCocinaService.get_agrupaciones_by_camarero_mesa: 'dict' object has no attribute 'append'
[26/May/2024 00:33:35] ERROR [cocina_app.service.servicio_cocina_service:115] Error en ServicioCocinaService.get_agrupaciones_by_camarero_mesa: 'dict' object has no attribute 'append'
[26/May/2024 00:33:37] ERROR [cocina_app.service.servicio_cocina_service:115] Error en ServicioCocinaService.get_agrupaciones_by_camarero_mesa: 'dict' object has no attribute 'append'
[26/May/2024 00:33:39] ERROR [cocina_app.service.servicio_cocina_service:115] Error en ServicioCocinaService.get_agrupaciones_by_camarero_mesa: 'dict' object has no attribute 'append'
[26/May/2024 00:33:46] ERROR [cocina_app.service.servicio_cocina_service:115] Error en ServicioCocinaService.get_agrupaciones_by_camarero_mesa: 'dict' object has no attribute 'append'
[26/May/2024 00:33:48] ERROR [cocina_app.service.servicio_cocina_service:115] Error en ServicioCocinaService.get_agrupaciones_by_camarero_mesa: 'dict' object has no attribute 'append'
[26/May/2024 00:34:35] ERROR [cocina_app.service.servicio_cocina_service:115] Error en ServicioCocinaService.get_agrupaciones_by_camarero_mesa: 'dict' object has no attribute 'append'
[26/May/2024 00:35:18] ERROR [cocina_app.service.servicio_cocina_service:119] Error en ServicioCocinaService.get_agrupaciones_by_camarero_mesa: list indices must be integers or slices, not str
[26/May/2024 13:26:19] ERROR [cocina_app.service.servicio_cocina_service:119] Error en ServicioCocinaService.get_agrupaciones_by_camarero_mesa: list indices must be integers or slices, not str
[26/May/2024 13:26:53] ERROR [cocina_app.service.servicio_cocina_service:119] Error en ServicioCocinaService.get_agrupaciones_by_camarero_mesa: list indices must be integers or slices, not str
[26/May/2024 13:27:21] ERROR [cocina_app.service.servicio_cocina_service:120] Error en ServicioCocinaService.get_agrupaciones_by_camarero_mesa: list indices must be integers or slices, not str
[26/May/2024 13:27:38] ERROR [cocina_app.service.servicio_cocina_service:120] Error en ServicioCocinaService.get_agrupaciones_by_camarero_mesa: list indices must be integers or slices, not str
[26/May/2024 13:31:37] ERROR [cocina_app.service.servicio_cocina_service:119] Error en ServicioCocinaService.get_agrupaciones_by_camarero_mesa: list indices must be integers or slices, not str
[26/May/2024 15:03:05] ERROR [cocina_app.service.servicio_cocina_service:122] Error en ServicioCocinaService.get_agrupaciones_by_camarero_mesa: list() takes no keyword arguments
[26/May/2024 15:10:00] ERROR [cocina_app.service.servicio_cocina_service:140] Error en ServicioCocinaService.get_servicio_mesa_cantidad_pedidos: 'camarero_mesa__id'
[26/May/2024 17:31:12] ERROR [cocina_app.service.servicio_cocina_service:135] Error en ServicioCocinaService.cambiar_estado: Servicio_Cocina matching query does not exist.
[26/May/2024 17:31:33] WARNING [cocina_app.service.servicio_cocina_service:129] No se encontro ningun servicio de cocina con este 10
[26/May/2024 17:39:38] WARNING [cocina_app.service.servicio_cocina_service:129] No se encontro ningun servicio de cocina con este 10
[26/May/2024 17:53:17] WARNING [cocina_app.service.servicio_cocina_service:129] No se encontro ningun servicio de cocina con este 5
[26/May/2024 17:53:35] WARNING [cocina_app.service.servicio_cocina_service:129] No se encontro ningun servicio de cocina con este 5
[26/May/2024 17:53:51] WARNING [cocina_app.service.servicio_cocina_service:129] No se encontro ningun servicio de cocina con este 5
[26/May/2024 17:54:58] WARNING [cocina_app.service.servicio_cocina_service:129] No se encontro ningun servicio de cocina con este 5
[26/May/2024 17:55:10] WARNING [cocina_app.service.servicio_cocina_service:129] No se encontro ningun servicio de cocina con este 5
[26/May/2024 17:55:18] WARNING [cocina_app.service.servicio_cocina_service:129] No se encontro ningun servicio de cocina con este 5
[26/May/2024 17:56:04] WARNING [cocina_app.service.servicio_cocina_service:129] No se encontro ningun servicio de cocina con este 5
[26/May/2024 18:02:47] ERROR [cocina_app.service.servicio_cocina_service:122] Error en ServicioCocinaService.get_agrupaciones_by_camarero_mesa: Cannot resolve keyword 'servicio_cocina' into field. Choices are: camarero_mesa, camarero_mesa_id, hora_dia, id, plato, plato_id, servido
[26/May/2024 18:02:49] ERROR [cocina_app.service.servicio_cocina_service:122] Error en ServicioCocinaService.get_agrupaciones_by_camarero_mesa: Cannot resolve keyword 'servicio_cocina' into field. Choices are: camarero_mesa, camarero_mesa_id, hora_dia, id, plato, plato_id, servido
[26/May/2024 18:03:33] ERROR [cocina_app.service.servicio_cocina_service:122] Error en ServicioCocinaService.get_agrupaciones_by_camarero_mesa: Cannot resolve keyword 'servicio_cocina' into field. Choices are: camarero_mesa, camarero_mesa_id, hora_dia, id, plato, plato_id, servido
[26/May/2024 18:06:08] WARNING [cocina_app.service.servicio_cocina_service:129] No se encontro ningun servicio de cocina con este 5
[26/May/2024 18:08:30] WARNING [cocina_app.service.servicio_cocina_service:129] No se encontro ningun servicio de cocina con este 10
[26/May/2024 18:10:23] ERROR [cocina_app.service.servicio_cocina_service:135] Error en ServicioCocinaService.cambiar_estado: ['“false”: el valor debe ser Verdadero, Falso o Nulo.']
[26/May/2024 18:11:16] ERROR [cocina_app.service.servicio_cocina_service:135] Error en ServicioCocinaService.cambiar_estado: ['“false”: el valor debe ser Verdadero, Falso o Nulo.']
[26/May/2024 18:11:43] ERROR [cocina_app.service.servicio_cocina_service:135] Error en ServicioCocinaService.cambiar_estado: ['“false”: el valor debe ser Verdadero, Falso o Nulo.']
[26/May/2024 18:38:18] ERROR [cocina_app.service.servicio_cocina_service:135] Error en ServicioCocinaService.cambiar_estado: ['“None”: el valor debe ser Verdadero, Falso o Nulo.']
[26/May/2024 21:05:38] ERROR [cocina_app.service.servicio_cocina_service:135] Error en ServicioCocinaService.cambiar_estado: ['“Null”: el valor debe ser Verdadero, Falso o Nulo.']
[27/May/2024 13:16:39] ERROR [cocina_app.service.servicio_cocina_service:122] Error en ServicioCocinaService.get_agrupaciones_by_camarero_mesa: Plato matching query does not exist.
[27/May/2024 13:17:19] ERROR [cocina_app.service.servicio_cocina_service:122] Error en ServicioCocinaService.get_agrupaciones_by_camarero_mesa: Plato matching query does not exist.
[27/May/2024 13:24:49] ERROR [cocina_app.service.servicio_cocina_service:135] Error en ServicioCocinaService.cambiar_estado: ['“Null”: el valor debe ser Verdadero, Falso o Nulo.']
[27/May/2024 13:38:52] INFO [restoManager_app.service.categoria.categoria_services:23] 1
[27/May/2024 13:38:52] INFO [restoManager_app.service.relacion.relacion_plato_categoria_service:52] service.actualizar_relacion> ACTUALIZANDO RELACION
[27/May/2024 08:53:35] ERROR [cocina_app.service.servicio_cocina_service:100] Error en ServicioCocinaService.get_agrupaciones: Plato matching query does not exist.
[27/May/2024 08:59:20] ERROR [cocina_app.service.servicio_cocina_service:122] Error en ServicioCocinaService.get_agrupaciones_by_camarero_mesa: Plato matching query does not exist.
[27/May/2024 09:02:24] ERROR [cocina_app.service.servicio_cocina_service:122] Error en ServicioCocinaService.get_agrupaciones_by_camarero_mesa: Plato matching query does not exist.
[27/May/2024 09:06:14] ERROR [cocina_app.service.servicio_cocina_service:122] Error en ServicioCocinaService.get_agrupaciones_by_camarero_mesa: Plato matching query does not exist.
[27/May/2024 11:01:00] ERROR [cocina_app.service.servicio_cocina_service:100] Error en ServicioCocinaService.get_agrupaciones: Plato matching query does not exist.
[27/May/2024 11:01:48] ERROR [cocina_app.service.servicio_cocina_service:100] Error en ServicioCocinaService.get_agrupaciones: Plato matching query does not exist.
[27/May/2024 11:02:41] ERROR [cocina_app.service.servicio_cocina_service:100] Error en ServicioCocinaService.get_agrupaciones: Plato matching query does not exist.
[27/May/2024 11:03:19] ERROR [cocina_app.service.servicio_cocina_service:100] Error en ServicioCocinaService.get_agrupaciones: Plato matching query does not exist.
[27/May/2024 11:03:22] ERROR [cocina_app.service.servicio_cocina_service:100] Error en ServicioCocinaService.get_agrupaciones: Plato matching query does not exist.
[27/May/2024 11:05:12] ERROR [cocina_app.service.servicio_cocina_service:100] Error en ServicioCocinaService.get_agrupaciones: Plato matching query does not exist.
[27/May/2024 11:05:22] ERROR [cocina_app.service.servicio_cocina_service:100] Error en ServicioCocinaService.get_agrupaciones: Plato matching query does not exist.
[27/May/2024 11:06:52] ERROR [cocina_app.service.servicio_cocina_service:100] Error en ServicioCocinaService.get_agrupaciones: Plato matching query does not exist.
[27/May/2024 11:07:42] ERROR [cocina_app.service.servicio_cocina_service:100] Error en ServicioCocinaService.get_agrupaciones: Plato matching query does not exist.
[27/May/2024 11:07:43] ERROR [cocina_app.service.servicio_cocina_service:100] Error en ServicioCocinaService.get_agrupaciones: Plato matching query does not exist.
[27/May/2024 11:10:33] ERROR [cocina_app.service.servicio_cocina_service:100] Error en ServicioCocinaService.get_agrupaciones: Plato matching query does not exist.
